<?xml version="1.0" encoding="UTF-8"?>
<robot generator="Robot 6.1.1 (Python 3.11.6 on win32)" generated="20251115 16:14:48.479" rpa="false" schemaversion="4">
<suite id="s1" name="Tests" source="C:\Kurssit\Ohjelmistotuotanto\harjoitustehtavat\tehtavat\osa3\hello-robot\src\tests">
<suite id="s1-s1" name="Increase Counter" source="C:\Kurssit\Ohjelmistotuotanto\harjoitustehtavat\tehtavat\osa3\hello-robot\src\tests\increase_counter.robot">
<test id="s1-s1-t1" name="Increase Counter Once" line="12">
<kw name="Counter Value Should Be" library="CounterLibrary">
<arg>0</arg>
<status status="PASS" starttime="20251115 16:14:48.504" endtime="20251115 16:14:48.504"/>
</kw>
<kw name="Increase Counter" library="CounterLibrary">
<status status="PASS" starttime="20251115 16:14:48.504" endtime="20251115 16:14:48.504"/>
</kw>
<kw name="Counter Value Should Be" library="CounterLibrary">
<arg>1</arg>
<status status="PASS" starttime="20251115 16:14:48.504" endtime="20251115 16:14:48.504"/>
</kw>
<status status="PASS" starttime="20251115 16:14:48.504" endtime="20251115 16:14:48.505"/>
</test>
<test id="s1-s1-t2" name="Increase Counter Many Times" line="17">
<kw name="Counter Value Should Be" library="CounterLibrary">
<arg>0</arg>
<status status="PASS" starttime="20251115 16:14:48.505" endtime="20251115 16:14:48.505"/>
</kw>
<kw name="Increase Counter" library="CounterLibrary">
<status status="PASS" starttime="20251115 16:14:48.505" endtime="20251115 16:14:48.505"/>
</kw>
<kw name="Increase Counter" library="CounterLibrary">
<status status="PASS" starttime="20251115 16:14:48.506" endtime="20251115 16:14:48.506"/>
</kw>
<kw name="Increase Counter" library="CounterLibrary">
<status status="PASS" starttime="20251115 16:14:48.506" endtime="20251115 16:14:48.506"/>
</kw>
<kw name="Counter Value Should Be" library="CounterLibrary">
<arg>3</arg>
<status status="PASS" starttime="20251115 16:14:48.506" endtime="20251115 16:14:48.506"/>
</kw>
<status status="PASS" starttime="20251115 16:14:48.505" endtime="20251115 16:14:48.506"/>
</test>
<test id="s1-s1-t3" name="Increment Counter By Amount" line="24">
<kw name="Counter Value Should Be" library="CounterLibrary">
<arg>0</arg>
<status status="PASS" starttime="20251115 16:14:48.507" endtime="20251115 16:14:48.507"/>
</kw>
<kw name="Increment Counter By" library="CounterLibrary">
<arg>5</arg>
<status status="PASS" starttime="20251115 16:14:48.507" endtime="20251115 16:14:48.507"/>
</kw>
<kw name="Counter Value Should Be" library="CounterLibrary">
<arg>5</arg>
<status status="PASS" starttime="20251115 16:14:48.507" endtime="20251115 16:14:48.507"/>
</kw>
<status status="PASS" starttime="20251115 16:14:48.506" endtime="20251115 16:14:48.507"/>
</test>
<status status="PASS" starttime="20251115 16:14:48.496" endtime="20251115 16:14:48.508"/>
</suite>
<suite id="s1-s2" name="Reset Counter" source="C:\Kurssit\Ohjelmistotuotanto\harjoitustehtavat\tehtavat\osa3\hello-robot\src\tests\reset_counter.robot">
<test id="s1-s2-t1" name="Reset Counter After One Increment" line="5">
<kw name="Counter Value Should Be" library="CounterLibrary">
<arg>0</arg>
<status status="PASS" starttime="20251115 16:14:48.511" endtime="20251115 16:14:48.511"/>
</kw>
<kw name="Increase Counter" library="CounterLibrary">
<status status="PASS" starttime="20251115 16:14:48.511" endtime="20251115 16:14:48.511"/>
</kw>
<kw name="Counter Value Should Be" library="CounterLibrary">
<arg>1</arg>
<status status="PASS" starttime="20251115 16:14:48.512" endtime="20251115 16:14:48.512"/>
</kw>
<kw name="Reset Counter" library="CounterLibrary">
<status status="PASS" starttime="20251115 16:14:48.514" endtime="20251115 16:14:48.514"/>
</kw>
<kw name="Counter Value Should Be" library="CounterLibrary">
<arg>0</arg>
<status status="PASS" starttime="20251115 16:14:48.514" endtime="20251115 16:14:48.514"/>
</kw>
<status status="PASS" starttime="20251115 16:14:48.511" endtime="20251115 16:14:48.514"/>
</test>
<test id="s1-s2-t2" name="Reset Counter After Several Increments" line="12">
<kw name="Counter Value Should Be" library="CounterLibrary">
<arg>0</arg>
<status status="PASS" starttime="20251115 16:14:48.515" endtime="20251115 16:14:48.515"/>
</kw>
<kw name="Increment Counter By" library="CounterLibrary">
<arg>5</arg>
<status status="PASS" starttime="20251115 16:14:48.515" endtime="20251115 16:14:48.515"/>
</kw>
<kw name="Counter Value Should Be" library="CounterLibrary">
<arg>5</arg>
<status status="PASS" starttime="20251115 16:14:48.515" endtime="20251115 16:14:48.515"/>
</kw>
<kw name="Reset Counter" library="CounterLibrary">
<status status="PASS" starttime="20251115 16:14:48.515" endtime="20251115 16:14:48.515"/>
</kw>
<kw name="Counter Value Should Be" library="CounterLibrary">
<arg>0</arg>
<status status="PASS" starttime="20251115 16:14:48.516" endtime="20251115 16:14:48.516"/>
</kw>
<status status="PASS" starttime="20251115 16:14:48.515" endtime="20251115 16:14:48.516"/>
</test>
<status status="PASS" starttime="20251115 16:14:48.508" endtime="20251115 16:14:48.516"/>
</suite>
<status status="PASS" starttime="20251115 16:14:48.480" endtime="20251115 16:14:48.517"/>
</suite>
<statistics>
<total>
<stat pass="5" fail="0" skip="0">All Tests</stat>
</total>
<tag>
</tag>
<suite>
<stat pass="5" fail="0" skip="0" id="s1" name="Tests">Tests</stat>
<stat pass="3" fail="0" skip="0" id="s1-s1" name="Increase Counter">Tests.Increase Counter</stat>
<stat pass="2" fail="0" skip="0" id="s1-s2" name="Reset Counter">Tests.Reset Counter</stat>
</suite>
</statistics>
<errors>
</errors>
</robot>
